"2024-03-12 14:39:35,953 INFO  [main] com.project.StudentManagementApplication:Starting StudentManagementApplication using Java 17.0.10 on Berat-MacBook-Pro.local with PID 61676 (/Users/beratkulcu/Desktop/StudentManagement/target/classes started by beratkulcu in /Users/beratkulcu/Desktop/StudentManagement)
""2024-03-12 14:39:35,987 INFO  [main] com.project.StudentManagementApplication:No active profile set, falling back to 1 default profile: "default"
""2024-03-12 14:39:36,742 INFO  [main] org.springframework.data.repository.config.RepositoryConfigurationDelegate:Bootstrapping Spring Data JPA repositories in DEFAULT mode.
""2024-03-12 14:39:36,846 INFO  [main] org.springframework.data.repository.config.RepositoryConfigurationDelegate:Finished Spring Data repository scanning in 96 ms. Found 8 JPA repository interfaces.
""2024-03-12 14:39:37,512 INFO  [main] org.springframework.boot.web.embedded.tomcat.TomcatWebServer:Tomcat initialized with port(s): 8080 (http)
""2024-03-12 14:39:37,523 INFO  [main] org.apache.catalina.core.StandardService:Starting service [Tomcat]
""2024-03-12 14:39:37,523 INFO  [main] org.apache.catalina.core.StandardEngine:Starting Servlet engine: [Apache Tomcat/9.0.68]
""2024-03-12 14:39:37,651 INFO  [main] org.apache.catalina.core.ContainerBase.[Tomcat].[localhost].[/]:Initializing Spring embedded WebApplicationContext
""2024-03-12 14:39:37,651 INFO  [main] org.springframework.boot.web.servlet.context.ServletWebServerApplicationContext:Root WebApplicationContext: initialization completed in 1618 ms
""2024-03-12 14:39:37,852 INFO  [main] org.hibernate.jpa.internal.util.LogHelper:HHH000204: Processing PersistenceUnitInfo [name: default]
""2024-03-12 14:39:37,909 INFO  [main] org.hibernate.Version:HHH000412: Hibernate ORM core version 5.6.12.Final
""2024-03-12 14:39:38,084 INFO  [main] org.hibernate.annotations.common.Version:HCANN000001: Hibernate Commons Annotations {5.1.2.Final}
""2024-03-12 14:39:38,220 INFO  [main] com.zaxxer.hikari.HikariDataSource:HikariPool-1 - Starting...
""2024-03-12 14:39:38,452 INFO  [main] com.zaxxer.hikari.HikariDataSource:HikariPool-1 - Start completed.
""2024-03-12 14:39:38,472 INFO  [main] org.hibernate.dialect.Dialect:HHH000400: Using dialect: org.hibernate.dialect.PostgreSQL81Dialect
""2024-03-12 14:39:39,526 INFO  [main] org.hibernate.engine.transaction.jta.platform.internal.JtaPlatformInitiator:HHH000490: Using JtaPlatform implementation: [org.hibernate.engine.transaction.jta.platform.internal.NoJtaPlatform]
""2024-03-12 14:39:39,535 INFO  [main] org.springframework.orm.jpa.LocalContainerEntityManagerFactoryBean:Initialized JPA EntityManagerFactory for persistence unit 'default'
""2024-03-12 14:39:40,542 WARN  [main] org.springframework.boot.autoconfigure.orm.jpa.JpaBaseConfiguration$JpaWebConfiguration:spring.jpa.open-in-view is enabled by default. Therefore, database queries may be performed during view rendering. Explicitly configure spring.jpa.open-in-view to disable this warning
""2024-03-12 14:39:40,976 INFO  [main] org.springframework.security.web.DefaultSecurityFilterChain:Will secure any request with [org.springframework.security.web.session.DisableEncodeUrlFilter@cce672c, org.springframework.security.web.context.request.async.WebAsyncManagerIntegrationFilter@496004e3, org.springframework.security.web.context.SecurityContextPersistenceFilter@1bfb60b7, org.springframework.security.web.header.HeaderWriterFilter@7524125c, org.springframework.web.filter.CorsFilter@df34b01, org.springframework.security.web.authentication.logout.LogoutFilter@3f12676, com.project.security.jwt.AuthTokenFilter@6b2efcae, org.springframework.security.web.savedrequest.RequestCacheAwareFilter@9a74a93, org.springframework.security.web.servletapi.SecurityContextHolderAwareRequestFilter@255d4d7, org.springframework.security.web.authentication.AnonymousAuthenticationFilter@703947bd, org.springframework.security.web.session.SessionManagementFilter@49c6ee4a, org.springframework.security.web.access.ExceptionTranslationFilter@669469c9, org.springframework.security.web.access.intercept.FilterSecurityInterceptor@6ae5e1cf]
""2024-03-12 14:39:41,235 INFO  [main] org.springframework.boot.web.embedded.tomcat.TomcatWebServer:Tomcat started on port(s): 8080 (http) with context path ''
""2024-03-12 14:39:41,246 INFO  [main] com.project.StudentManagementApplication:Started StudentManagementApplication in 5.777 seconds (JVM running for 6.814)
""2024-03-12 14:39:59,987 INFO  [http-nio-8080-exec-1] org.apache.catalina.core.ContainerBase.[Tomcat].[localhost].[/]:Initializing Spring DispatcherServlet 'dispatcherServlet'
""2024-03-12 14:40:00,210 ERROR [http-nio-8080-exec-2] com.project.security.jwt.AuthEntryPointJwt:Unauthorized error : Full authentication is required to access this resource
""2024-03-12 14:44:44,693 ERROR [http-nio-8080-exec-7] com.project.security.jwt.JwtUtils:Jwt token is expired : JWT expired at 2024-02-24T00:55:24Z. Current time: 2024-03-12T14:44:44Z, a difference of 1518560693 milliseconds.  Allowed clock skew: 0 milliseconds.
""2024-03-12 14:44:44,694 ERROR [http-nio-8080-exec-7] com.project.security.jwt.AuthEntryPointJwt:Unauthorized error : Full authentication is required to access this resource
""2024-03-12 14:44:52,619 ERROR [http-nio-8080-exec-8] com.project.security.jwt.JwtUtils:Jwt token is expired : JWT expired at 2024-03-09T01:13:27Z. Current time: 2024-03-12T14:44:52Z, a difference of 307885619 milliseconds.  Allowed clock skew: 0 milliseconds.
""2024-03-12 14:44:52,620 ERROR [http-nio-8080-exec-8] com.project.security.jwt.JwtUtils:Jwt token is expired : JWT expired at 2024-03-09T01:13:27Z. Current time: 2024-03-12T14:44:52Z, a difference of 307885620 milliseconds.  Allowed clock skew: 0 milliseconds.
""2024-03-12 14:44:52,718 ERROR [http-nio-8080-exec-8] com.project.security.jwt.AuthEntryPointJwt:Unauthorized error : Bad credentials
""2024-03-12 14:46:11,633 INFO  [SpringApplicationShutdownHook] org.springframework.orm.jpa.LocalContainerEntityManagerFactoryBean:Closing JPA EntityManagerFactory for persistence unit 'default'
""2024-03-12 14:46:11,636 INFO  [SpringApplicationShutdownHook] com.zaxxer.hikari.HikariDataSource:HikariPool-1 - Shutdown initiated...
""2024-03-12 14:46:11,639 INFO  [SpringApplicationShutdownHook] com.zaxxer.hikari.HikariDataSource:HikariPool-1 - Shutdown completed.
"